{
  "stats": {
    "suites": 5,
    "tests": 19,
    "passes": 10,
    "pending": 0,
    "failures": 9,
    "start": "2021-03-04T00:34:40.552Z",
    "end": "2021-03-04T00:37:28.905Z",
    "duration": 168353,
    "testsRegistered": 19,
    "passPercent": 52.63157894736842,
    "pendingPercent": 0,
    "other": 0,
    "hasOther": false,
    "skipped": 0,
    "hasSkipped": false
  },
  "results": [
    {
      "uuid": "fd755ead-6d31-4b38-b098-93a8594d22e3",
      "title": "",
      "fullFile": "",
      "file": "",
      "beforeHooks": [],
      "afterHooks": [],
      "tests": [],
      "suites": [
        {
          "uuid": "7bab4699-3b59-4156-a143-4730c62cebae",
          "title": "AddORUpdateWithNoRequiredUserPrivilege",
          "fullFile": "C:\\pet-store-web-ui-automation-by-sabina\\tests\\AddORUpdateWithNoRequiredUserPrivilege.js",
          "file": "\\tests\\AddORUpdateWithNoRequiredUserPrivilege.js",
          "beforeHooks": [
            {
              "title": "\"before all\" hook: codeceptjs.beforeSuite in \"AddORUpdateWithNoRequiredUserPrivilege\"",
              "fullTitle": "AddORUpdateWithNoRequiredUserPrivilege \"before all\" hook: codeceptjs.beforeSuite in \"AddORUpdateWithNoRequiredUserPrivilege\"",
              "timedOut": false,
              "duration": 1,
              "state": null,
              "speed": null,
              "pass": false,
              "fail": false,
              "pending": false,
              "context": null,
              "code": "scenario.suiteSetup(suite)",
              "err": {},
              "uuid": "4369e6d1-40c6-4f72-8068-dbf9f51a3eae",
              "parentUUID": "7bab4699-3b59-4156-a143-4730c62cebae",
              "isHook": true,
              "skipped": false
            },
            {
              "title": "\"before each\" hook: codeceptjs.before in \"AddORUpdateWithNoRequiredUserPrivilege\"",
              "fullTitle": "AddORUpdateWithNoRequiredUserPrivilege \"before each\" hook: codeceptjs.before in \"AddORUpdateWithNoRequiredUserPrivilege\"",
              "timedOut": false,
              "duration": 1222,
              "state": null,
              "speed": null,
              "pass": false,
              "fail": false,
              "pending": false,
              "context": null,
              "code": "scenario.setup(suite)",
              "err": {},
              "uuid": "64b420f1-dd79-4e65-9b28-3ea38a2d103e",
              "parentUUID": "7bab4699-3b59-4156-a143-4730c62cebae",
              "isHook": true,
              "skipped": false
            }
          ],
          "afterHooks": [
            {
              "title": "\"after all\" hook: codeceptjs.afterSuite in \"AddORUpdateWithNoRequiredUserPrivilege\"",
              "fullTitle": "AddORUpdateWithNoRequiredUserPrivilege \"after all\" hook: codeceptjs.afterSuite in \"AddORUpdateWithNoRequiredUserPrivilege\"",
              "timedOut": false,
              "duration": 0,
              "state": null,
              "speed": null,
              "pass": false,
              "fail": false,
              "pending": false,
              "context": null,
              "code": "scenario.suiteTeardown(suite)",
              "err": {},
              "uuid": "9fbaf507-61fd-49a9-bd0d-1584cfc2cbe9",
              "parentUUID": "7bab4699-3b59-4156-a143-4730c62cebae",
              "isHook": true,
              "skipped": false
            },
            {
              "title": "\"after each\" hook: finalize codeceptjs in \"AddORUpdateWithNoRequiredUserPrivilege\"",
              "fullTitle": "AddORUpdateWithNoRequiredUserPrivilege \"after each\" hook: finalize codeceptjs in \"AddORUpdateWithNoRequiredUserPrivilege\"",
              "timedOut": false,
              "duration": 423,
              "state": null,
              "speed": null,
              "pass": false,
              "fail": false,
              "pending": false,
              "context": null,
              "code": "scenario.teardown(suite)",
              "err": {},
              "uuid": "35c02cd8-bb8c-4ff1-ae4b-920a1d9db7f6",
              "parentUUID": "7bab4699-3b59-4156-a143-4730c62cebae",
              "isHook": true,
              "skipped": false
            }
          ],
          "tests": [
            {
              "title": "test something",
              "fullTitle": "AddORUpdateWithNoRequiredUserPrivilege: test something",
              "timedOut": false,
              "duration": 38,
              "state": "passed",
              "speed": "medium",
              "pass": true,
              "fail": false,
              "pending": false,
              "context": null,
              "code": "",
              "err": {},
              "uuid": "ee384d07-30d4-4069-ba9a-09efca1d6ba8",
              "parentUUID": "7bab4699-3b59-4156-a143-4730c62cebae",
              "isHook": false,
              "skipped": false
            }
          ],
          "suites": [],
          "passes": [
            "ee384d07-30d4-4069-ba9a-09efca1d6ba8"
          ],
          "failures": [],
          "pending": [],
          "skipped": [],
          "duration": 38,
          "root": false,
          "rootEmpty": false,
          "_timeout": 0
        },
        {
          "uuid": "308ae0f2-42e0-4e3d-a1d8-ee1fd2d9a7b2",
          "title": "PetStorePlaceOderTest",
          "fullFile": "C:\\pet-store-web-ui-automation-by-sabina\\tests\\PetStorePlaceOderTest.js",
          "file": "\\tests\\PetStorePlaceOderTest.js",
          "beforeHooks": [
            {
              "title": "\"before all\" hook: codeceptjs.beforeSuite in \"PetStorePlaceOderTest\"",
              "fullTitle": "PetStorePlaceOderTest \"before all\" hook: codeceptjs.beforeSuite in \"PetStorePlaceOderTest\"",
              "timedOut": false,
              "duration": 0,
              "state": null,
              "speed": null,
              "pass": false,
              "fail": false,
              "pending": false,
              "context": null,
              "code": "scenario.suiteSetup(suite)",
              "err": {},
              "uuid": "ad53741a-cd6c-4bf2-b0ee-af1822517e0d",
              "parentUUID": "308ae0f2-42e0-4e3d-a1d8-ee1fd2d9a7b2",
              "isHook": true,
              "skipped": false
            },
            {
              "title": "\"before each\" hook: codeceptjs.before in \"PetStorePlaceOderTest\"",
              "fullTitle": "PetStorePlaceOderTest \"before each\" hook: codeceptjs.before in \"PetStorePlaceOderTest\"",
              "timedOut": false,
              "duration": 984,
              "state": null,
              "speed": null,
              "pass": false,
              "fail": false,
              "pending": false,
              "context": null,
              "code": "scenario.setup(suite)",
              "err": {},
              "uuid": "f1661645-5cd3-4616-88f2-6ae54b0b08cb",
              "parentUUID": "308ae0f2-42e0-4e3d-a1d8-ee1fd2d9a7b2",
              "isHook": true,
              "skipped": false
            }
          ],
          "afterHooks": [
            {
              "title": "\"after all\" hook: codeceptjs.afterSuite in \"PetStorePlaceOderTest\"",
              "fullTitle": "PetStorePlaceOderTest \"after all\" hook: codeceptjs.afterSuite in \"PetStorePlaceOderTest\"",
              "timedOut": false,
              "duration": 0,
              "state": null,
              "speed": null,
              "pass": false,
              "fail": false,
              "pending": false,
              "context": null,
              "code": "scenario.suiteTeardown(suite)",
              "err": {},
              "uuid": "b86f8643-b55c-40d4-9e0d-64ee18eac648",
              "parentUUID": "308ae0f2-42e0-4e3d-a1d8-ee1fd2d9a7b2",
              "isHook": true,
              "skipped": false
            },
            {
              "title": "\"after each\" hook: finalize codeceptjs in \"PetStorePlaceOderTest\"",
              "fullTitle": "PetStorePlaceOderTest \"after each\" hook: finalize codeceptjs in \"PetStorePlaceOderTest\"",
              "timedOut": false,
              "duration": 522,
              "state": null,
              "speed": null,
              "pass": false,
              "fail": false,
              "pending": false,
              "context": null,
              "code": "scenario.teardown(suite)",
              "err": {},
              "uuid": "d170a110-bdfb-4b3f-86ec-e4551d8d23f8",
              "parentUUID": "308ae0f2-42e0-4e3d-a1d8-ee1fd2d9a7b2",
              "isHook": true,
              "skipped": false
            }
          ],
          "tests": [
            {
              "title": "test something",
              "fullTitle": "PetStorePlaceOderTest: test something",
              "timedOut": false,
              "duration": 2,
              "state": "passed",
              "speed": "fast",
              "pass": true,
              "fail": false,
              "pending": false,
              "context": null,
              "code": "",
              "err": {},
              "uuid": "ad100412-c1c1-4b97-b772-0a108e979900",
              "parentUUID": "308ae0f2-42e0-4e3d-a1d8-ee1fd2d9a7b2",
              "isHook": false,
              "skipped": false
            }
          ],
          "suites": [],
          "passes": [
            "ad100412-c1c1-4b97-b772-0a108e979900"
          ],
          "failures": [],
          "pending": [],
          "skipped": [],
          "duration": 2,
          "root": false,
          "rootEmpty": false,
          "_timeout": 0
        },
        {
          "uuid": "394d4bd9-2ca0-4e5a-b581-cc0ff407c8ed",
          "title": "PetStoreUser",
          "fullFile": "C:\\pet-store-web-ui-automation-by-sabina\\tests\\PetStoreUserTest.js",
          "file": "\\tests\\PetStoreUserTest.js",
          "beforeHooks": [
            {
              "title": "\"before all\" hook: codeceptjs.beforeSuite in \"PetStoreUser\"",
              "fullTitle": "PetStoreUser \"before all\" hook: codeceptjs.beforeSuite in \"PetStoreUser\"",
              "timedOut": false,
              "duration": 0,
              "state": null,
              "speed": null,
              "pass": false,
              "fail": false,
              "pending": false,
              "context": null,
              "code": "scenario.suiteSetup(suite)",
              "err": {},
              "uuid": "bb66fc51-0156-4699-8021-e91fe04e1eda",
              "parentUUID": "394d4bd9-2ca0-4e5a-b581-cc0ff407c8ed",
              "isHook": true,
              "skipped": false
            },
            {
              "title": "\"before each\" hook: codeceptjs.before in \"PetStoreUser\"",
              "fullTitle": "PetStoreUser \"before each\" hook: codeceptjs.before in \"PetStoreUser\"",
              "timedOut": false,
              "duration": 884,
              "state": null,
              "speed": null,
              "pass": false,
              "fail": false,
              "pending": false,
              "context": null,
              "code": "scenario.setup(suite)",
              "err": {},
              "uuid": "af538986-a4dd-45a8-87c2-613cbdde34cb",
              "parentUUID": "394d4bd9-2ca0-4e5a-b581-cc0ff407c8ed",
              "isHook": true,
              "skipped": false
            }
          ],
          "afterHooks": [
            {
              "title": "\"after all\" hook: codeceptjs.afterSuite in \"PetStoreUser\"",
              "fullTitle": "PetStoreUser \"after all\" hook: codeceptjs.afterSuite in \"PetStoreUser\"",
              "timedOut": false,
              "duration": 0,
              "state": null,
              "speed": null,
              "pass": false,
              "fail": false,
              "pending": false,
              "context": null,
              "code": "scenario.suiteTeardown(suite)",
              "err": {},
              "uuid": "0bba6889-4ea0-4bd3-aca1-86c06df5580f",
              "parentUUID": "394d4bd9-2ca0-4e5a-b581-cc0ff407c8ed",
              "isHook": true,
              "skipped": false
            },
            {
              "title": "\"after each\" hook: finalize codeceptjs in \"PetStoreUser\"",
              "fullTitle": "PetStoreUser \"after each\" hook: finalize codeceptjs in \"PetStoreUser\"",
              "timedOut": false,
              "duration": 433,
              "state": null,
              "speed": null,
              "pass": false,
              "fail": false,
              "pending": false,
              "context": null,
              "code": "scenario.teardown(suite)",
              "err": {},
              "uuid": "437d9bd0-adfe-485a-b2bc-5c94f23e4d5c",
              "parentUUID": "394d4bd9-2ca0-4e5a-b581-cc0ff407c8ed",
              "isHook": true,
              "skipped": false
            }
          ],
          "tests": [
            {
              "title": "1.UserLogin",
              "fullTitle": "PetStoreUser: 1.UserLogin",
              "timedOut": false,
              "duration": 6412,
              "state": "passed",
              "speed": "slow",
              "pass": true,
              "fail": false,
              "pending": false,
              "context": null,
              "code": "I}) => {\n    I.amOnPage('/');\n    I.waitForVisible(\"//a[contains(text(), 'Enter the Store')]\");\n    I.seeTextEquals(\"Enter the Store\", \"//a[contains(text(), 'Enter the Store')]\");\n    I.click(\"//a[contains(text(), 'Enter the Store')]\");\n    I.waitForText(\"Sign In\");\n    I.seeElement(\"//div[@id='LogoContent']\");\n    console.log(\"Home page loaded successfully.\");\n    I.click('//a[contains(text(), \"Sign In\")]');\n    I.fillField(\"username\", \"daahlia\");\n    I.fillField(\"password\", \"123\");\n    I.click('//input[@name=\"signon\"]');\n    I.waitForText(\"My Account\");\n    I.seeTextEquals('My Account', '//a[contains(text(), \"My Account\")]');\n    console.log(\"User logged in successfully.\");",
              "err": {},
              "uuid": "409d7d35-dd6b-4b90-8054-d74c4c83263c",
              "parentUUID": "394d4bd9-2ca0-4e5a-b581-cc0ff407c8ed",
              "isHook": false,
              "skipped": false
            },
            {
              "title": "2.UserLoginWithInvalidUsername",
              "fullTitle": "PetStoreUser: 2.UserLoginWithInvalidUsername",
              "timedOut": false,
              "duration": 6002,
              "state": "passed",
              "speed": "slow",
              "pass": true,
              "fail": false,
              "pending": false,
              "context": null,
              "code": "I}) => {\n    I.amOnPage('/');\n    I.waitForVisible(\"//a[contains(text(), 'Enter the Store')]\");\n    I.seeTextEquals(\"Enter the Store\", \"//a[contains(text(), 'Enter the Store')]\");\n    I.click(\"//a[contains(text(), 'Enter the Store')]\");\n    I.waitForText(\"Sign In\");\n    I.seeElement(\"//div[@id='LogoContent']\");\n    console.log(\"Home page loaded successfully.\");\n    I.click('//a[contains(text(), \"Sign In\")]');\n    I.fillField(\"username\", \"invalid-user\");\n    I.fillField(\"password\", \"123\");\n    I.click('//input[@name=\"signon\"]');\n    I.waitForText(\"Invalid username or password. Signon failed.\", 10);\n    I.seeElement(\"//li[contains(text(), 'Signon failed.')]\");\n    console.log(\"User login failed successfully for invalid username.\");",
              "err": {},
              "uuid": "c8236866-0cfb-432c-a1fd-c411f48c9675",
              "parentUUID": "394d4bd9-2ca0-4e5a-b581-cc0ff407c8ed",
              "isHook": false,
              "skipped": false
            },
            {
              "title": "3.UserLoginWithInvalidPassword",
              "fullTitle": "PetStoreUser: 3.UserLoginWithInvalidPassword",
              "timedOut": false,
              "duration": 6558,
              "state": "passed",
              "speed": "slow",
              "pass": true,
              "fail": false,
              "pending": false,
              "context": null,
              "code": "I}) => {\n    I.amOnPage('/');\n    I.waitForVisible(\"//a[contains(text(), 'Enter the Store')]\");\n    I.seeTextEquals(\"Enter the Store\", \"//a[contains(text(), 'Enter the Store')]\");\n    I.click(\"//a[contains(text(), 'Enter the Store')]\");\n    I.waitForText(\"Sign In\");\n    I.seeElement(\"//div[@id='LogoContent']\");\n    console.log(\"Home page loaded successfully.\");\n    I.click('//a[contains(text(), \"Sign In\")]');\n    I.fillField(\"username\", \"daahlia\");\n    I.fillField(\"password\", \"invalid-password\");\n    I.click('//input[@name=\"signon\"]');\n    I.waitForText(\"Invalid username or password. Signon failed.\", 5);\n    I.seeElement(\"//li[contains(text(), 'Signon failed.')]\");\n    console.log(\"User login failed successfully for invalid password.\");",
              "err": {},
              "uuid": "2d8627e7-4783-4739-8070-0ca1b0ad5df7",
              "parentUUID": "394d4bd9-2ca0-4e5a-b581-cc0ff407c8ed",
              "isHook": false,
              "skipped": false
            },
            {
              "title": "4.UserLoginWithInvalidUsernamePassword",
              "fullTitle": "PetStoreUser: 4.UserLoginWithInvalidUsernamePassword",
              "timedOut": false,
              "duration": 6424,
              "state": "passed",
              "speed": "slow",
              "pass": true,
              "fail": false,
              "pending": false,
              "context": null,
              "code": "I}) => {\n    I.amOnPage('/');\n    I.waitForVisible(\"//a[contains(text(), 'Enter the Store')]\");\n    I.seeTextEquals(\"Enter the Store\", \"//a[contains(text(), 'Enter the Store')]\");\n    I.click(\"//a[contains(text(), 'Enter the Store')]\");\n    I.waitForText(\"Sign In\");\n    I.seeElement(\"//div[@id='LogoContent']\");\n    console.log(\"Home page loaded successfully.\");\n    I.click('//a[contains(text(), \"Sign In\")]');\n    I.fillField(\"username\", \"invalid-user\");\n    I.fillField(\"password\", \"invalid-password\");\n    I.click('//input[@name=\"signon\"]');\n    I.waitForText(\"Invalid username or password. Signon failed.\", 5);\n    I.seeElement(\"//li[contains(text(), 'Signon failed.')]\");\n    console.log(\"User login failed successfully for invalid username and password.\");",
              "err": {},
              "uuid": "8f211d7b-9cde-47c3-9f70-979d65d34bf8",
              "parentUUID": "394d4bd9-2ca0-4e5a-b581-cc0ff407c8ed",
              "isHook": false,
              "skipped": false
            },
            {
              "title": "5.UserRegistration",
              "fullTitle": "PetStoreUser: 5.UserRegistration",
              "timedOut": false,
              "duration": 9837,
              "state": "passed",
              "speed": "slow",
              "pass": true,
              "fail": false,
              "pending": false,
              "context": null,
              "code": "I}) => {\n    I.amOnPage('/');\n    I.waitForVisible(\"//a[contains(text(), 'Enter the Store')]\");\n    I.seeTextEquals(\"Enter the Store\", \"//a[contains(text(), 'Enter the Store')]\");\n    I.click(\"//a[contains(text(), 'Enter the Store')]\");\n    I.waitForText(\"Sign In\");\n    I.seeElement(\"//div[@id='LogoContent']\");\n    console.log(\"Home page loaded successfully.\");\n    I.click('//a[contains(text(), \"Sign In\")]');\n    I.waitForText(\"Register Now!\", 20);\n    I.seeTextEquals(\"Register Now!\", \"//a[contains(text(),'Register Now!')]\");\n    I.click( \"//a[contains(text(),'Register Now!')]\",);\n    I.waitForText(\"User Information\");\n    newlyCreatedUser = faker.name.findName();\n    console.log(\"1\" + newlyCreatedUser),\n    I.fillField(\"username\", newlyCreatedUser);\n    console.log(\"2\" + newlyCreatedUser),\n    I.fillField(\"password\", \"123\");\n    I.fillField(\"account.firstName\", \"first-name\");\n    I.fillField(\"account.lastName\", \"last-name\");\n    I.fillField(\"account.email\", \"xxx.gmail.com\");\n    I.fillField(\"account.phone\", \"00000000000\");\n    I.fillField(\"account.address1\", \"address123\");\n    I.fillField(\"account.city\", \"Sydney\");\n    I.fillField(\"account.state\", \"NSW\");\n    I.fillField(\"account.zip\", \"2000\");\n    I.fillField(\"account.country\", \"Australia\");\n    I.click(\"//input[@value='Save Account Information']\");\n    I.waitForText(\"Sign In\", 50);\n    I.seeElement(\"//div[@id='LogoContent']\");\n    console.log(\"New User registered successfully.\");",
              "err": {},
              "uuid": "5665870b-0b9c-4b52-a943-6fae3e4ea71a",
              "parentUUID": "394d4bd9-2ca0-4e5a-b581-cc0ff407c8ed",
              "isHook": false,
              "skipped": false
            },
            {
              "title": "6.UserLoginWithNewlyRegisteredUser",
              "fullTitle": "PetStoreUser: 6.UserLoginWithNewlyRegisteredUser",
              "timedOut": false,
              "duration": 11590,
              "state": "passed",
              "speed": "slow",
              "pass": true,
              "fail": false,
              "pending": false,
              "context": null,
              "code": "I}) => {\n    I.amOnPage('/');\n    I.waitForVisible(\"//a[contains(text(), 'Enter the Store')]\");\n    I.seeTextEquals(\"Enter the Store\", \"//a[contains(text(), 'Enter the Store')]\");\n    I.click(\"//a[contains(text(), 'Enter the Store')]\");\n    I.waitForText(\"Sign In\");\n    I.seeElement(\"//div[@id='LogoContent']\");\n    console.log(\"Home page loaded successfully.\");\n    I.click('//a[contains(text(), \"Sign In\")]');\n    I.waitForText(\"Register Now!\", 20);\n    I.seeTextEquals(\"Register Now!\", \"//a[contains(text(),'Register Now!')]\");\n    I.click( \"//a[contains(text(),'Register Now!')]\",);\n    I.waitForText(\"User Information\");\n    newlyCreatedUser = faker.name.findName();\n    console.log(\"1\" + newlyCreatedUser),\n    I.fillField(\"username\", newlyCreatedUser);\n    console.log(\"2\" + newlyCreatedUser),\n    I.fillField(\"password\", \"123\");\n    I.fillField(\"account.firstName\", \"first-name\");\n    I.fillField(\"account.lastName\", \"last-name\");\n    I.fillField(\"account.email\", \"xxx.gmail.com\");\n    I.fillField(\"account.phone\", \"00000000000\");\n    I.fillField(\"account.address1\", \"address123\");\n    I.fillField(\"account.city\", \"Sydney\");\n    I.fillField(\"account.state\", \"NSW\");\n    I.fillField(\"account.zip\", \"2000\");\n    I.fillField(\"account.country\", \"Australia\");\n    I.click(\"//input[@value='Save Account Information']\");\n    I.waitForText(\"Sign In\", 50);\n    I.seeElement(\"//div[@id='LogoContent']\");\n    console.log(\"New User registered successfully.\");\n    I.waitForText(\"Sign In\");\n    I.seeElement(\"//div[@id='LogoContent']\");\n    console.log(\"Home page loaded successfully.\");\n    I.click('//a[contains(text(), \"Sign In\")]');\n    I.fillField(\"username\", newlyCreatedUser);\n    I.fillField(\"password\", \"123\");\n    I.click('//input[@name=\"signon\"]');\n    I.waitForText(\"My Account\",2);\n    I.seeTextEquals('My Account', '//a[contains(text(), \"My Account\")]');\n    console.log(\"User logged in successfully.\");",
              "err": {},
              "uuid": "06821a27-e53d-4672-a752-32048b91ac7e",
              "parentUUID": "394d4bd9-2ca0-4e5a-b581-cc0ff407c8ed",
              "isHook": false,
              "skipped": false
            },
            {
              "title": "7.UserRegistrationWithNoFirstName",
              "fullTitle": "PetStoreUser: 7.UserRegistrationWithNoFirstName",
              "timedOut": false,
              "duration": 14310,
              "state": "failed",
              "speed": null,
              "pass": false,
              "fail": true,
              "pending": false,
              "context": null,
              "code": "I}) => {\n    I.amOnPage('/');\n    I.waitForVisible(\"//a[contains(text(), 'Enter the Store')]\");\n    I.seeTextEquals(\"Enter the Store\", \"//a[contains(text(), 'Enter the Store')]\");\n    I.click(\"//a[contains(text(), 'Enter the Store')]\");\n    I.waitForText(\"Sign In\");\n    I.seeElement(\"//div[@id='LogoContent']\");\n    console.log(\"Home page loaded successfully.\");\n    I.click('//a[contains(text(), \"Sign In\")]');\n    I.waitForText(\"Register Now!\", 20);\n    I.seeTextEquals(\"Register Now!\", \"//a[contains(text(),'Register Now!')]\");\n    I.click( \"//a[contains(text(),'Register Now!')]\",);\n    I.waitForText(\"User Information\");\n    I.fillField(\"username\", \"test-username\");\n    I.fillField(\"password\", \"123\");\n    I.fillField(\"repeatedPassword\", \"123\");\n    //I.fillField(\"account.firstName\", \"first-name\");\n    I.fillField(\"account.lastName\", \"last-name\");\n    I.fillField(\"account.email\", \"xxx.gmail.com\");\n    I.fillField(\"account.phone\", \"00000000000\");\n    I.fillField(\"account.address1\", \"address123\");\n    I.fillField(\"account.city\", \"Sydney\");\n    I.fillField(\"account.state\", \"NSW\");\n    I.fillField(\"account.zip\", \"2000\");\n    I.fillField(\"account.country\", \"Australia\");\n    I.click(\"//input[@value='Save Account Information']\");\n    I.waitForInvisible(\"//input[@value='Save Account Information']\", 20);\n    errorTitle = await I.grabTitle();\n    //console.log(errorTitle);\n    let successPage= await I.grabSource();\n    \n    if(successPage.includes('Saltwater')===true)\n        {   \n        I.waitForText(\"Sign In\", 5);\n        I.seeElement(\"//div[@id='LogoContent']\");\n        console.log(\"User registered successfully.\");\n        }\n    \n    else{\n        console.log(\"New User registration failed unexpectedly for blank value - first name \"+ \"\\n\" + \"Error: \" + errorTitle);\n    }\n    I.waitForText(\"Sign In\", 5);\n    \n    // try{\n    //     if(successPage.includes('Saltwater')===true)\n    //     {   \n    //         I.waitForText(\"Sign In\", 5);\n    //         I.seeElement(\"//div[@id='LogoContent']\");\n    //         console.log(\"User registered successfully.\");\n    //     }        \n    // }\n    // catch(err){    \n    // console.log(\"New User registration failed unexpectedly \"+ \"\\n\" + \"Error: \" + err + errorTitle);\n    // }",
              "err": {
                "message": "Error: Text \"Sign In\" was not found on page after 5 sec\nwaiting for function failed: timeout 5000ms exceeded",
                "estack": "Error: Text \"Sign In\" was not found on page after 5 sec\nwaiting for function failed: timeout 5000ms exceeded\n    at C:\\pet-store-web-ui-automation-by-sabina\\node_modules\\codeceptjs\\lib\\helper\\Puppeteer.js:2091:13",
                "diff": null
              },
              "uuid": "bea37a96-86c7-4bc7-9fff-98787f813a58",
              "parentUUID": "394d4bd9-2ca0-4e5a-b581-cc0ff407c8ed",
              "isHook": false,
              "skipped": false
            },
            {
              "title": "8.UserRegistrationWithNoLastName",
              "fullTitle": "PetStoreUser: 8.UserRegistrationWithNoLastName",
              "timedOut": false,
              "duration": 10176,
              "state": "failed",
              "speed": null,
              "pass": false,
              "fail": true,
              "pending": false,
              "context": null,
              "code": "I}) => {\n    I.amOnPage('/');\n    I.waitForVisible(\"//a[contains(text(), 'Enter the Store')]\");\n    I.seeTextEquals(\"Enter the Store\", \"//a[contains(text(), 'Enter the Store')]\");\n    I.click(\"//a[contains(text(), 'Enter the Store')]\");\n    I.waitForText(\"Sign In\");\n    I.seeElement(\"//div[@id='LogoContent']\");\n    console.log(\"Home page loaded successfully.\");\n    I.click('//a[contains(text(), \"Sign In\")]');\n    I.waitForText(\"Register Now!\", 20);\n    I.seeTextEquals(\"Register Now!\", \"//a[contains(text(),'Register Now!')]\");\n    I.click( \"//a[contains(text(),'Register Now!')]\",);\n    I.waitForText(\"User Information\");\n    I.fillField(\"username\", \"test-username\");\n    I.fillField(\"password\", \"123\");\n    I.fillField(\"repeatedPassword\", \"123\");\n    I.fillField(\"account.firstName\", \"first-name\");\n    //I.fillField(\"account.lastName\", \"last-name\");\n    I.fillField(\"account.email\", \"xxx.gmail.com\");\n    I.fillField(\"account.phone\", \"00000000000\");\n    I.fillField(\"account.address1\", \"address123\");\n    I.fillField(\"account.city\", \"Sydney\");\n    I.fillField(\"account.state\", \"NSW\");\n    I.fillField(\"account.zip\", \"2000\");\n    I.fillField(\"account.country\", \"Australia\");\n    I.click(\"//input[@value='Save Account Information']\");\n    I.waitForText(\"Sign In\");\n    I.seeElement(\"//div[@id='LogoContent']\");\n    console.log(\"New User registration failed unexpectedly. System shows 500 – Internal Server Error\");",
              "err": {
                "message": "Error: Text \"Sign In\" was not found on page after 1 sec\nwaiting for function failed: timeout 1000ms exceeded",
                "estack": "Error: Text \"Sign In\" was not found on page after 1 sec\nwaiting for function failed: timeout 1000ms exceeded\n    at C:\\pet-store-web-ui-automation-by-sabina\\node_modules\\codeceptjs\\lib\\helper\\Puppeteer.js:2091:13",
                "diff": null
              },
              "uuid": "83125fe7-77f1-40c2-9e20-e93c61655d83",
              "parentUUID": "394d4bd9-2ca0-4e5a-b581-cc0ff407c8ed",
              "isHook": false,
              "skipped": false
            },
            {
              "title": "9.UserRegistrationWithNoEmail",
              "fullTitle": "PetStoreUser: 9.UserRegistrationWithNoEmail",
              "timedOut": false,
              "duration": 9681,
              "state": "failed",
              "speed": null,
              "pass": false,
              "fail": true,
              "pending": false,
              "context": null,
              "code": "I}) => {\n    I.amOnPage('/');\n    I.waitForVisible(\"//a[contains(text(), 'Enter the Store')]\");\n    I.seeTextEquals(\"Enter the Store\", \"//a[contains(text(), 'Enter the Store')]\");\n    I.click(\"//a[contains(text(), 'Enter the Store')]\");\n    I.waitForText(\"Sign In\");\n    I.seeElement(\"//div[@id='LogoContent']\");\n    console.log(\"Home page loaded successfully.\");\n    I.click('//a[contains(text(), \"Sign In\")]');\n    I.waitForText(\"Register Now!\", 20);\n    I.seeTextEquals(\"Register Now!\", \"//a[contains(text(),'Register Now!')]\");\n    I.click( \"//a[contains(text(),'Register Now!')]\",);\n    I.waitForText(\"User Information\");\n    I.fillField(\"username\", \"test-username\");\n    I.fillField(\"password\", \"123\");\n    I.fillField(\"repeatedPassword\", \"123\");\n    I.fillField(\"account.firstName\", \"first-name\");\n    I.fillField(\"account.lastName\", \"last-name\");\n    //I.fillField(\"account.email\", \"xxx.gmail.com\");\n    I.fillField(\"account.phone\", \"00000000000\");\n    I.fillField(\"account.address1\", \"address123\");\n    I.fillField(\"account.city\", \"Sydney\");\n    I.fillField(\"account.state\", \"NSW\");\n    I.fillField(\"account.zip\", \"2000\");\n    I.fillField(\"account.country\", \"Australia\");\n    I.click(\"//input[@value='Save Account Information']\");\n    I.waitForText(\"Sign In\");\n    I.seeElement(\"//div[@id='LogoContent']\");\n    console.log(\"New User registration failed unexpectedly. System shows 500 – Internal Server Error\");",
              "err": {
                "message": "Error: Text \"Sign In\" was not found on page after 1 sec\nwaiting for function failed: timeout 1000ms exceeded",
                "estack": "Error: Text \"Sign In\" was not found on page after 1 sec\nwaiting for function failed: timeout 1000ms exceeded\n    at C:\\pet-store-web-ui-automation-by-sabina\\node_modules\\codeceptjs\\lib\\helper\\Puppeteer.js:2091:13",
                "diff": null
              },
              "uuid": "3d861321-2274-4f6d-b8bc-fff24a4eea13",
              "parentUUID": "394d4bd9-2ca0-4e5a-b581-cc0ff407c8ed",
              "isHook": false,
              "skipped": false
            },
            {
              "title": "10.UserRegistrationWithNoPhone",
              "fullTitle": "PetStoreUser: 10.UserRegistrationWithNoPhone",
              "timedOut": false,
              "duration": 9813,
              "state": "failed",
              "speed": null,
              "pass": false,
              "fail": true,
              "pending": false,
              "context": null,
              "code": "I}) => {\n    I.amOnPage('/');\n    I.waitForVisible(\"//a[contains(text(), 'Enter the Store')]\");\n    I.seeTextEquals(\"Enter the Store\", \"//a[contains(text(), 'Enter the Store')]\");\n    I.click(\"//a[contains(text(), 'Enter the Store')]\");\n    I.waitForText(\"Sign In\");\n    I.seeElement(\"//div[@id='LogoContent']\");\n    console.log(\"Home page loaded successfully.\");\n    I.click('//a[contains(text(), \"Sign In\")]');\n    I.waitForText(\"Register Now!\", 20);\n    I.seeTextEquals(\"Register Now!\", \"//a[contains(text(),'Register Now!')]\");\n    I.click( \"//a[contains(text(),'Register Now!')]\",);\n    I.waitForText(\"User Information\");\n    I.fillField(\"username\", \"test-username\");\n    I.fillField(\"password\", \"123\");\n    I.fillField(\"repeatedPassword\", \"123\");\n    I.fillField(\"account.firstName\", \"first-name\");\n    I.fillField(\"account.lastName\", \"last-name\");\n    I.fillField(\"account.email\", \"xxx.gmail.com\");\n    //I.fillField(\"account.phone\", \"00000000000\");\n    I.fillField(\"account.address1\", \"address123\");\n    I.fillField(\"account.city\", \"Sydney\");\n    I.fillField(\"account.state\", \"NSW\");\n    I.fillField(\"account.zip\", \"2000\");\n    I.fillField(\"account.country\", \"Australia\");\n    I.click(\"//input[@value='Save Account Information']\");\n    I.waitForText(\"Sign In\");\n    I.seeElement(\"//div[@id='LogoContent']\");\n    console.log(\"New User registration failed unexpectedly. System shows 500 – Internal Server Error\");",
              "err": {
                "message": "Error: Text \"Sign In\" was not found on page after 1 sec\nwaiting for function failed: timeout 1000ms exceeded",
                "estack": "Error: Text \"Sign In\" was not found on page after 1 sec\nwaiting for function failed: timeout 1000ms exceeded\n    at C:\\pet-store-web-ui-automation-by-sabina\\node_modules\\codeceptjs\\lib\\helper\\Puppeteer.js:2091:13",
                "diff": null
              },
              "uuid": "f7596f7e-5a28-44a5-9800-6e686f620b4c",
              "parentUUID": "394d4bd9-2ca0-4e5a-b581-cc0ff407c8ed",
              "isHook": false,
              "skipped": false
            },
            {
              "title": "11.UserRegistrationWithNoAddress",
              "fullTitle": "PetStoreUser: 11.UserRegistrationWithNoAddress",
              "timedOut": false,
              "duration": 9993,
              "state": "failed",
              "speed": null,
              "pass": false,
              "fail": true,
              "pending": false,
              "context": null,
              "code": "I}) => {\n    I.amOnPage('/');\n    I.waitForVisible(\"//a[contains(text(), 'Enter the Store')]\");\n    I.seeTextEquals(\"Enter the Store\", \"//a[contains(text(), 'Enter the Store')]\");\n    I.click(\"//a[contains(text(), 'Enter the Store')]\");\n    I.waitForText(\"Sign In\");\n    I.seeElement(\"//div[@id='LogoContent']\");\n    console.log(\"Home page loaded successfully.\");\n    I.click('//a[contains(text(), \"Sign In\")]');\n    I.waitForText(\"Register Now!\", 20);\n    I.seeTextEquals(\"Register Now!\", \"//a[contains(text(),'Register Now!')]\");\n    I.click( \"//a[contains(text(),'Register Now!')]\",);\n    I.waitForText(\"User Information\");\n    I.fillField(\"username\", \"test-username\");\n    I.fillField(\"password\", \"123\");\n    I.fillField(\"repeatedPassword\", \"123\");\n    I.fillField(\"account.firstName\", \"first-name\");\n    I.fillField(\"account.lastName\", \"last-name\");\n    I.fillField(\"account.email\", \"xxx.gmail.com\");\n    I.fillField(\"account.phone\", \"00000000000\");\n    //I.fillField(\"account.address1\", \"address123\");\n    I.fillField(\"account.city\", \"Sydney\");\n    I.fillField(\"account.state\", \"NSW\");\n    I.fillField(\"account.zip\", \"2000\");\n    I.fillField(\"account.country\", \"Australia\");\n    I.click(\"//input[@value='Save Account Information']\");\n    I.waitForText(\"Sign In\");\n    I.seeElement(\"//div[@id='LogoContent']\");\n    console.log(\"New User registration failed unexpectedly. System shows 500 – Internal Server Error\");",
              "err": {
                "message": "Error: Text \"Sign In\" was not found on page after 1 sec\nwaiting for function failed: timeout 1000ms exceeded",
                "estack": "Error: Text \"Sign In\" was not found on page after 1 sec\nwaiting for function failed: timeout 1000ms exceeded\n    at C:\\pet-store-web-ui-automation-by-sabina\\node_modules\\codeceptjs\\lib\\helper\\Puppeteer.js:2091:13",
                "diff": null
              },
              "uuid": "359020f7-3841-4493-8e3e-fb900fa46086",
              "parentUUID": "394d4bd9-2ca0-4e5a-b581-cc0ff407c8ed",
              "isHook": false,
              "skipped": false
            },
            {
              "title": "12.UserRegistrationWithNoCity",
              "fullTitle": "PetStoreUser: 12.UserRegistrationWithNoCity",
              "timedOut": false,
              "duration": 9610,
              "state": "failed",
              "speed": null,
              "pass": false,
              "fail": true,
              "pending": false,
              "context": null,
              "code": "I}) => {\n    I.amOnPage('/');\n    I.waitForVisible(\"//a[contains(text(), 'Enter the Store')]\");\n    I.seeTextEquals(\"Enter the Store\", \"//a[contains(text(), 'Enter the Store')]\");\n    I.click(\"//a[contains(text(), 'Enter the Store')]\");\n    I.waitForText(\"Sign In\");\n    I.seeElement(\"//div[@id='LogoContent']\");\n    console.log(\"Home page loaded successfully.\");\n    I.click('//a[contains(text(), \"Sign In\")]');\n    I.waitForText(\"Register Now!\", 20);\n    I.seeTextEquals(\"Register Now!\", \"//a[contains(text(),'Register Now!')]\");\n    I.click( \"//a[contains(text(),'Register Now!')]\",);\n    I.waitForText(\"User Information\");\n    I.fillField(\"username\", \"test-username\");\n    I.fillField(\"password\", \"123\");\n    I.fillField(\"repeatedPassword\", \"123\");\n    I.fillField(\"account.firstName\", \"first-name\");\n    I.fillField(\"account.lastName\", \"last-name\");\n    I.fillField(\"account.email\", \"xxx.gmail.com\");\n    I.fillField(\"account.phone\", \"00000000000\");\n    I.fillField(\"account.address1\", \"address123\");\n    //I.fillField(\"account.city\", \"Sydney\");\n    I.fillField(\"account.state\", \"NSW\");\n    I.fillField(\"account.zip\", \"2000\");\n    I.fillField(\"account.country\", \"Australia\");\n    I.click(\"//input[@value='Save Account Information']\");\n    I.waitForText(\"Sign In\");\n    I.seeElement(\"//div[@id='LogoContent']\");\n    console.log(\"New User registration failed unexpectedly. System shows 500 – Internal Server Error\");",
              "err": {
                "message": "Error: Text \"Sign In\" was not found on page after 1 sec\nwaiting for function failed: timeout 1000ms exceeded",
                "estack": "Error: Text \"Sign In\" was not found on page after 1 sec\nwaiting for function failed: timeout 1000ms exceeded\n    at C:\\pet-store-web-ui-automation-by-sabina\\node_modules\\codeceptjs\\lib\\helper\\Puppeteer.js:2091:13",
                "diff": null
              },
              "uuid": "a9e5577d-3216-444c-a4bc-b837fc6b868c",
              "parentUUID": "394d4bd9-2ca0-4e5a-b581-cc0ff407c8ed",
              "isHook": false,
              "skipped": false
            },
            {
              "title": "13.UserRegistrationWithNoState",
              "fullTitle": "PetStoreUser: 13.UserRegistrationWithNoState",
              "timedOut": false,
              "duration": 9884,
              "state": "failed",
              "speed": null,
              "pass": false,
              "fail": true,
              "pending": false,
              "context": null,
              "code": "I}) => {\n    I.amOnPage('/');\n    I.waitForVisible(\"//a[contains(text(), 'Enter the Store')]\");\n    I.seeTextEquals(\"Enter the Store\", \"//a[contains(text(), 'Enter the Store')]\");\n    I.click(\"//a[contains(text(), 'Enter the Store')]\");\n    I.waitForText(\"Sign In\");\n    I.seeElement(\"//div[@id='LogoContent']\");\n    console.log(\"Home page loaded successfully.\");\n    I.click('//a[contains(text(), \"Sign In\")]');\n    I.waitForText(\"Register Now!\", 20);\n    I.seeTextEquals(\"Register Now!\", \"//a[contains(text(),'Register Now!')]\");\n    I.click( \"//a[contains(text(),'Register Now!')]\",);\n    I.waitForText(\"User Information\");\n    I.fillField(\"username\", \"test-username\");\n    I.fillField(\"password\", \"123\");\n    I.fillField(\"repeatedPassword\", \"123\");\n    I.fillField(\"account.firstName\", \"first-name\");\n    I.fillField(\"account.lastName\", \"last-name\");\n    I.fillField(\"account.email\", \"xxx.gmail.com\");\n    I.fillField(\"account.phone\", \"00000000000\");\n    I.fillField(\"account.address1\", \"address123\");\n    I.fillField(\"account.city\", \"Sydney\");\n    //I.fillField(\"account.state\", \"NSW\");\n    I.fillField(\"account.zip\", \"2000\");\n    I.fillField(\"account.country\", \"Australia\");\n    I.click(\"//input[@value='Save Account Information']\");\n    I.waitForText(\"Sign In\");\n    I.seeElement(\"//div[@id='LogoContent']\");\n    console.log(\"New User registration failed unexpectedly. System shows 500 – Internal Server Error\");",
              "err": {
                "message": "Error: Text \"Sign In\" was not found on page after 1 sec\nwaiting for function failed: timeout 1000ms exceeded",
                "estack": "Error: Text \"Sign In\" was not found on page after 1 sec\nwaiting for function failed: timeout 1000ms exceeded\n    at C:\\pet-store-web-ui-automation-by-sabina\\node_modules\\codeceptjs\\lib\\helper\\Puppeteer.js:2091:13",
                "diff": null
              },
              "uuid": "88196725-0fbe-49d2-9f47-f11181825859",
              "parentUUID": "394d4bd9-2ca0-4e5a-b581-cc0ff407c8ed",
              "isHook": false,
              "skipped": false
            },
            {
              "title": "14.UserRegistrationWithNoZipCode",
              "fullTitle": "PetStoreUser: 14.UserRegistrationWithNoZipCode",
              "timedOut": false,
              "duration": 10583,
              "state": "failed",
              "speed": null,
              "pass": false,
              "fail": true,
              "pending": false,
              "context": null,
              "code": "I}) => {\n    I.amOnPage('/');\n    I.waitForVisible(\"//a[contains(text(), 'Enter the Store')]\");\n    I.seeTextEquals(\"Enter the Store\", \"//a[contains(text(), 'Enter the Store')]\");\n    I.click(\"//a[contains(text(), 'Enter the Store')]\");\n    I.waitForText(\"Sign In\");\n    I.seeElement(\"//div[@id='LogoContent']\");\n    console.log(\"Home page loaded successfully.\");\n    I.click('//a[contains(text(), \"Sign In\")]');\n    I.waitForText(\"Register Now!\", 20);\n    I.seeTextEquals(\"Register Now!\", \"//a[contains(text(),'Register Now!')]\");\n    I.click( \"//a[contains(text(),'Register Now!')]\",);\n    I.waitForText(\"User Information\");\n    I.fillField(\"username\", \"test-username\");\n    I.fillField(\"password\", \"123\");\n    I.fillField(\"repeatedPassword\", \"123\");\n    I.fillField(\"account.firstName\", \"first-name\");\n    I.fillField(\"account.lastName\", \"last-name\");\n    I.fillField(\"account.email\", \"xxx.gmail.com\");\n    I.fillField(\"account.phone\", \"00000000000\");\n    I.fillField(\"account.address1\", \"address123\");\n    I.fillField(\"account.city\", \"Sydney\");\n    I.fillField(\"account.state\", \"NSW\");\n    //I.fillField(\"account.zip\", \"2000\");\n    I.fillField(\"account.country\", \"Australia\");\n    I.click(\"//input[@value='Save Account Information']\");\n    I.waitForText(\"Sign In\");\n    I.seeElement(\"//div[@id='LogoContent']\");\n    console.log(\"New User registration failed unexpectedly. System shows 500 – Internal Server Error\");",
              "err": {
                "message": "Error: Text \"Sign In\" was not found on page after 1 sec\nwaiting for function failed: timeout 1000ms exceeded",
                "estack": "Error: Text \"Sign In\" was not found on page after 1 sec\nwaiting for function failed: timeout 1000ms exceeded\n    at C:\\pet-store-web-ui-automation-by-sabina\\node_modules\\codeceptjs\\lib\\helper\\Puppeteer.js:2091:13",
                "diff": null
              },
              "uuid": "e5f07477-8e11-4b16-8119-1b925d7b0421",
              "parentUUID": "394d4bd9-2ca0-4e5a-b581-cc0ff407c8ed",
              "isHook": false,
              "skipped": false
            },
            {
              "title": "14.UserRegistrationWithNoCountry",
              "fullTitle": "PetStoreUser: 14.UserRegistrationWithNoCountry",
              "timedOut": false,
              "duration": 9997,
              "state": "failed",
              "speed": null,
              "pass": false,
              "fail": true,
              "pending": false,
              "context": null,
              "code": "I}) => {\n    I.amOnPage('/');\n    I.waitForVisible(\"//a[contains(text(), 'Enter the Store')]\");\n    I.seeTextEquals(\"Enter the Store\", \"//a[contains(text(), 'Enter the Store')]\");\n    I.click(\"//a[contains(text(), 'Enter the Store')]\");\n    I.waitForText(\"Sign In\");\n    I.seeElement(\"//div[@id='LogoContent']\");\n    console.log(\"Home page loaded successfully.\");\n    I.click('//a[contains(text(), \"Sign In\")]');\n    I.waitForText(\"Register Now!\", 20);\n    I.seeTextEquals(\"Register Now!\", \"//a[contains(text(),'Register Now!')]\");\n    I.click( \"//a[contains(text(),'Register Now!')]\",);\n    I.waitForText(\"User Information\");\n    I.fillField(\"username\", \"test-username\");\n    I.fillField(\"password\", \"123\");\n    I.fillField(\"repeatedPassword\", \"123\");\n    I.fillField(\"account.firstName\", \"first-name\");\n    I.fillField(\"account.lastName\", \"last-name\");\n    I.fillField(\"account.email\", \"xxx.gmail.com\");\n    I.fillField(\"account.phone\", \"00000000000\");\n    I.fillField(\"account.address1\", \"address123\");\n    I.fillField(\"account.city\", \"Sydney\");\n    I.fillField(\"account.state\", \"NSW\");\n    I.fillField(\"account.zip\", \"2000\");\n    //I.fillField(\"account.country\", \"Australia\");\n    I.click(\"//input[@value='Save Account Information']\");\n    I.waitForText(\"Sign In\");\n    I.seeElement(\"//div[@id='LogoContent']\");\n    console.log(\"New User registration failed unexpectedly. System shows 500 – Internal Server Error\");",
              "err": {
                "message": "Error: Text \"Sign In\" was not found on page after 1 sec\nwaiting for function failed: timeout 1000ms exceeded",
                "estack": "Error: Text \"Sign In\" was not found on page after 1 sec\nwaiting for function failed: timeout 1000ms exceeded\n    at C:\\pet-store-web-ui-automation-by-sabina\\node_modules\\codeceptjs\\lib\\helper\\Puppeteer.js:2091:13",
                "diff": null
              },
              "uuid": "8e0aada4-836c-44e7-beb6-1163cc7c7427",
              "parentUUID": "394d4bd9-2ca0-4e5a-b581-cc0ff407c8ed",
              "isHook": false,
              "skipped": false
            }
          ],
          "suites": [],
          "passes": [
            "409d7d35-dd6b-4b90-8054-d74c4c83263c",
            "c8236866-0cfb-432c-a1fd-c411f48c9675",
            "2d8627e7-4783-4739-8070-0ca1b0ad5df7",
            "8f211d7b-9cde-47c3-9f70-979d65d34bf8",
            "5665870b-0b9c-4b52-a943-6fae3e4ea71a",
            "06821a27-e53d-4672-a752-32048b91ac7e"
          ],
          "failures": [
            "bea37a96-86c7-4bc7-9fff-98787f813a58",
            "83125fe7-77f1-40c2-9e20-e93c61655d83",
            "3d861321-2274-4f6d-b8bc-fff24a4eea13",
            "f7596f7e-5a28-44a5-9800-6e686f620b4c",
            "359020f7-3841-4493-8e3e-fb900fa46086",
            "a9e5577d-3216-444c-a4bc-b837fc6b868c",
            "88196725-0fbe-49d2-9f47-f11181825859",
            "e5f07477-8e11-4b16-8119-1b925d7b0421",
            "8e0aada4-836c-44e7-beb6-1163cc7c7427"
          ],
          "pending": [],
          "skipped": [],
          "duration": 140870,
          "root": false,
          "rootEmpty": false,
          "_timeout": 0
        },
        {
          "uuid": "5b2304ca-88b2-4664-961b-6110a66bea22",
          "title": "SearchProduct",
          "fullFile": "C:\\pet-store-web-ui-automation-by-sabina\\tests\\SearchProduct.js",
          "file": "\\tests\\SearchProduct.js",
          "beforeHooks": [
            {
              "title": "\"before all\" hook: codeceptjs.beforeSuite in \"SearchProduct\"",
              "fullTitle": "SearchProduct \"before all\" hook: codeceptjs.beforeSuite in \"SearchProduct\"",
              "timedOut": false,
              "duration": 1,
              "state": null,
              "speed": null,
              "pass": false,
              "fail": false,
              "pending": false,
              "context": null,
              "code": "scenario.suiteSetup(suite)",
              "err": {},
              "uuid": "1327be2f-2e36-48f5-9fa1-93805e6abfdb",
              "parentUUID": "5b2304ca-88b2-4664-961b-6110a66bea22",
              "isHook": true,
              "skipped": false
            },
            {
              "title": "\"before each\" hook: codeceptjs.before in \"SearchProduct\"",
              "fullTitle": "SearchProduct \"before each\" hook: codeceptjs.before in \"SearchProduct\"",
              "timedOut": false,
              "duration": 925,
              "state": null,
              "speed": null,
              "pass": false,
              "fail": false,
              "pending": false,
              "context": null,
              "code": "scenario.setup(suite)",
              "err": {},
              "uuid": "01537876-95a6-4e28-a49b-0a8390bb420c",
              "parentUUID": "5b2304ca-88b2-4664-961b-6110a66bea22",
              "isHook": true,
              "skipped": false
            }
          ],
          "afterHooks": [
            {
              "title": "\"after all\" hook: codeceptjs.afterSuite in \"SearchProduct\"",
              "fullTitle": "SearchProduct \"after all\" hook: codeceptjs.afterSuite in \"SearchProduct\"",
              "timedOut": false,
              "duration": 0,
              "state": null,
              "speed": null,
              "pass": false,
              "fail": false,
              "pending": false,
              "context": null,
              "code": "scenario.suiteTeardown(suite)",
              "err": {},
              "uuid": "12fed556-fb8e-4ef8-b886-f3f3f5058ac5",
              "parentUUID": "5b2304ca-88b2-4664-961b-6110a66bea22",
              "isHook": true,
              "skipped": false
            },
            {
              "title": "\"after each\" hook: finalize codeceptjs in \"SearchProduct\"",
              "fullTitle": "SearchProduct \"after each\" hook: finalize codeceptjs in \"SearchProduct\"",
              "timedOut": false,
              "duration": 360,
              "state": null,
              "speed": null,
              "pass": false,
              "fail": false,
              "pending": false,
              "context": null,
              "code": "scenario.teardown(suite)",
              "err": {},
              "uuid": "6e6aa734-2004-4d90-b7f4-1848df4286f8",
              "parentUUID": "5b2304ca-88b2-4664-961b-6110a66bea22",
              "isHook": true,
              "skipped": false
            }
          ],
          "tests": [
            {
              "title": "test something",
              "fullTitle": "SearchProduct: test something",
              "timedOut": false,
              "duration": 2,
              "state": "passed",
              "speed": "fast",
              "pass": true,
              "fail": false,
              "pending": false,
              "context": null,
              "code": "",
              "err": {},
              "uuid": "9294d108-1e0f-4c7e-a18d-1157e5fc29df",
              "parentUUID": "5b2304ca-88b2-4664-961b-6110a66bea22",
              "isHook": false,
              "skipped": false
            }
          ],
          "suites": [],
          "passes": [
            "9294d108-1e0f-4c7e-a18d-1157e5fc29df"
          ],
          "failures": [],
          "pending": [],
          "skipped": [],
          "duration": 2,
          "root": false,
          "rootEmpty": false,
          "_timeout": 0
        },
        {
          "uuid": "295645f5-9f6d-4254-8c38-725ba4762e62",
          "title": "UpdateCart",
          "fullFile": "C:\\pet-store-web-ui-automation-by-sabina\\tests\\UpdateCart.js",
          "file": "\\tests\\UpdateCart.js",
          "beforeHooks": [
            {
              "title": "\"before all\" hook: codeceptjs.beforeSuite in \"UpdateCart\"",
              "fullTitle": "UpdateCart \"before all\" hook: codeceptjs.beforeSuite in \"UpdateCart\"",
              "timedOut": false,
              "duration": 0,
              "state": null,
              "speed": null,
              "pass": false,
              "fail": false,
              "pending": false,
              "context": null,
              "code": "scenario.suiteSetup(suite)",
              "err": {},
              "uuid": "04330754-0429-4b62-8040-065129db212b",
              "parentUUID": "295645f5-9f6d-4254-8c38-725ba4762e62",
              "isHook": true,
              "skipped": false
            },
            {
              "title": "\"before each\" hook: codeceptjs.before in \"UpdateCart\"",
              "fullTitle": "UpdateCart \"before each\" hook: codeceptjs.before in \"UpdateCart\"",
              "timedOut": false,
              "duration": 864,
              "state": null,
              "speed": null,
              "pass": false,
              "fail": false,
              "pending": false,
              "context": null,
              "code": "scenario.setup(suite)",
              "err": {},
              "uuid": "975d8efd-de40-4bbe-bddb-a073423a3758",
              "parentUUID": "295645f5-9f6d-4254-8c38-725ba4762e62",
              "isHook": true,
              "skipped": false
            }
          ],
          "afterHooks": [
            {
              "title": "\"after all\" hook: codeceptjs.afterSuite in \"UpdateCart\"",
              "fullTitle": "UpdateCart \"after all\" hook: codeceptjs.afterSuite in \"UpdateCart\"",
              "timedOut": false,
              "duration": 0,
              "state": null,
              "speed": null,
              "pass": false,
              "fail": false,
              "pending": false,
              "context": null,
              "code": "scenario.suiteTeardown(suite)",
              "err": {},
              "uuid": "bc7e4e46-886a-48d2-b090-a1614ac17723",
              "parentUUID": "295645f5-9f6d-4254-8c38-725ba4762e62",
              "isHook": true,
              "skipped": false
            },
            {
              "title": "\"after each\" hook: finalize codeceptjs in \"UpdateCart\"",
              "fullTitle": "UpdateCart \"after each\" hook: finalize codeceptjs in \"UpdateCart\"",
              "timedOut": false,
              "duration": 315,
              "state": null,
              "speed": null,
              "pass": false,
              "fail": false,
              "pending": false,
              "context": null,
              "code": "scenario.teardown(suite)",
              "err": {},
              "uuid": "0467ea79-7d0d-4112-b916-8b05c1f46ac6",
              "parentUUID": "295645f5-9f6d-4254-8c38-725ba4762e62",
              "isHook": true,
              "skipped": false
            }
          ],
          "tests": [
            {
              "title": "test something",
              "fullTitle": "UpdateCart: test something",
              "timedOut": false,
              "duration": 1,
              "state": "passed",
              "speed": "fast",
              "pass": true,
              "fail": false,
              "pending": false,
              "context": null,
              "code": "",
              "err": {},
              "uuid": "a832ab6f-04a2-4f88-8a17-9abc98d6f283",
              "parentUUID": "295645f5-9f6d-4254-8c38-725ba4762e62",
              "isHook": false,
              "skipped": false
            }
          ],
          "suites": [],
          "passes": [
            "a832ab6f-04a2-4f88-8a17-9abc98d6f283"
          ],
          "failures": [],
          "pending": [],
          "skipped": [],
          "duration": 1,
          "root": false,
          "rootEmpty": false,
          "_timeout": 0
        }
      ],
      "passes": [],
      "failures": [],
      "pending": [],
      "skipped": [],
      "duration": 0,
      "root": true,
      "rootEmpty": true,
      "_timeout": 0
    }
  ],
  "meta": {
    "mocha": {
      "version": "8.3.0"
    },
    "mochawesome": {
      "options": {
        "quiet": false,
        "reportFilename": "mochawesome",
        "saveHtml": true,
        "saveJson": true,
        "consoleReporter": "spec",
        "useInlineDiffs": false,
        "code": true
      },
      "version": "6.2.2"
    },
    "marge": {
      "options": {
        "reportDir": "output/report-mochawesome.html"
      },
      "version": "5.2.0"
    }
  }
}